2024-10-03 10:15:48 info: POST /api/categories/add
2024-10-03 10:16:27 info: POST /api/categories/add
2024-10-03 10:24:37 info: POST /api/products/add/66fd360894afffc
2024-10-03 10:27:15 info: POST /api/products/add/66fd360894afffc
2024-10-03 10:27:17 info: POST /api/products/add/66fd360894afffc
2024-10-03 10:28:57 info: GET /api/products/category/66fd360894afffc3db630194
2024-10-03 10:29:07 info: GET /api/products/category/66fd360894af
2024-10-03 13:52:14 info: POST /api/users/register
2024-10-03 13:53:15 info: POST /api/auth/register
2024-10-03 13:54:40 info: GET /api/auth/login
2024-10-03 13:57:10 info: POST /api/auth/login
2024-10-03 13:58:30 info: POST /api/auth/login
2024-10-03 13:59:33 info: POST /api/auth/login
2024-10-03 14:03:22 info: POST /api/auth/login
2024-10-03 14:04:25 info: POST /api/auth/login
2024-10-03 14:08:31 info: POST /api/auth/login
2024-10-03 14:11:44 info: POST /api/auth/register
2024-10-03 14:13:09 info: POST /api/auth/login
2024-10-03 14:23:59 info: POST /api/auth/register
2024-10-03 14:24:11 info: POST /api/auth/login
